# JRE version: OpenJDK Runtime Environment Temurin-17.0.7+7 (17.0.7+7) (build 17.0.7+7)
# Java VM: OpenJDK 64-Bit Server VM Temurin-17.0.7+7 (17.0.7+7, mixed mode, emulated-client, tiered, compressed oops, compressed class ptrs, g1 gc, windows-amd64)
GC Precious Log:
 CPUs: 8 total, 8 available
 Memory: 6091M
 Large Page Support: Disabled
 NUMA Support: Disabled
 Compressed Oops: Enabled (32-bit)
 Heap Region Size: 1M
 Heap Min Capacity: 8M
 Heap Initial Capacity: 96M
 Heap Max Capacity: 1G
 Pre-touch: Disabled
 Parallel Workers: 8
 Concurrent Workers: 2
 Concurrent Refinement Workers: 8
 Periodic GC: Disabled
Heap:
 garbage-first heap   total 304128K, used 95798K [0x00000000c0000000, 0x0000000100000000)
  region size 1024K, 1 young (1024K), 0 survivors (0K)
 Metaspace       used 71696K, committed 72192K, reserved 1114112K
  class space    used 9807K, committed 10048K, reserved 1048576K
GC Heap History (20 events):
Event: 796.063 GC heap before
{Heap before GC invocations=158 (full 39):
 garbage-first heap   total 304128K, used 95798K [0x00000000c0000000, 0x0000000100000000)
  region size 1024K, 1 young (1024K), 0 survivors (0K)
 Metaspace       used 71696K, committed 72192K, reserved 1114112K
  class space    used 9807K, committed 10048K, reserved 1048576K
}
Event: 796.119 GC heap after
{Heap after GC invocations=159 (full 40):
 garbage-first heap   total 304128K, used 95798K [0x00000000c0000000, 0x0000000100000000)
  region size 1024K, 0 young (0K), 0 survivors (0K)
 Metaspace       used 71696K, committed 72192K, reserved 1114112K
  class space    used 9807K, committed 10048K, reserved 1048576K
}
Event: 806.261 GC heap before
{Heap before GC invocations=159 (full 40):
 garbage-first heap   total 304128K, used 95798K [0x00000000c0000000, 0x0000000100000000)
  region size 1024K, 1 young (1024K), 0 survivors (0K)
 Metaspace       used 71696K, committed 72192K, reserved 1114112K
  class space    used 9807K, committed 10048K, reserved 1048576K
}
Event: 806.321 GC heap after
{Heap after GC invocations=160 (full 41):
 garbage-first heap   total 304128K, used 95798K [0x00000000c0000000, 0x0000000100000000)
  region size 1024K, 0 young (0K), 0 survivors (0K)
 Metaspace       used 71696K, committed 72192K, reserved 1114112K
  class space    used 9807K, committed 10048K, reserved 1048576K
}
Event: 816.458 GC heap before
{Heap before GC invocations=160 (full 41):
 garbage-first heap   total 304128K, used 95798K [0x00000000c0000000, 0x0000000100000000)
  region size 1024K, 1 young (1024K), 0 survivors (0K)
 Metaspace       used 71696K, committed 72192K, reserved 1114112K
  class space    used 9807K, committed 10048K, reserved 1048576K
}
Event: 816.513 GC heap after
{Heap after GC invocations=161 (full 42):
 garbage-first heap   total 304128K, used 95798K [0x00000000c0000000, 0x0000000100000000)
  region size 1024K, 0 young (0K), 0 survivors (0K)
 Metaspace       used 71696K, committed 72192K, reserved 1114112K
  class space    used 9807K, committed 10048K, reserved 1048576K
}
Event: 826.662 GC heap before
{Heap before GC invocations=161 (full 42):
 garbage-first heap   total 304128K, used 95798K [0x00000000c0000000, 0x0000000100000000)
  region size 1024K, 1 young (1024K), 0 survivors (0K)
 Metaspace       used 71696K, committed 72192K, reserved 1114112K
  class space    used 9807K, committed 10048K, reserved 1048576K
}
Event: 826.721 GC heap after
{Heap after GC invocations=162 (full 43):
 garbage-first heap   total 304128K, used 95798K [0x00000000c0000000, 0x0000000100000000)
  region size 1024K, 0 young (0K), 0 survivors (0K)
 Metaspace       used 71696K, committed 72192K, reserved 1114112K
  class space    used 9807K, committed 10048K, reserved 1048576K
}
Event: 836.916 GC heap before
{Heap before GC invocations=162 (full 43):
 garbage-first heap   total 304128K, used 95798K [0x00000000c0000000, 0x0000000100000000)
  region size 1024K, 1 young (1024K), 0 survivors (0K)
 Metaspace       used 71696K, committed 72192K, reserved 1114112K
  class space    used 9807K, committed 10048K, reserved 1048576K
}
Event: 836.998 GC heap after
{Heap after GC invocations=163 (full 44):
 garbage-first heap   total 304128K, used 95798K [0x00000000c0000000, 0x0000000100000000)
  region size 1024K, 0 young (0K), 0 survivors (0K)
 Metaspace       used 71696K, committed 72192K, reserved 1114112K
  class space    used 9807K, committed 10048K, reserved 1048576K
}
Event: 847.266 GC heap before
{Heap before GC invocations=163 (full 44):
 garbage-first heap   total 304128K, used 95798K [0x00000000c0000000, 0x0000000100000000)
  region size 1024K, 1 young (1024K), 0 survivors (0K)
 Metaspace       used 71696K, committed 72192K, reserved 1114112K
  class space    used 9807K, committed 10048K, reserved 1048576K
}
Event: 847.344 GC heap after
{Heap after GC invocations=164 (full 45):
 garbage-first heap   total 304128K, used 95798K [0x00000000c0000000, 0x0000000100000000)
  region size 1024K, 0 young (0K), 0 survivors (0K)
 Metaspace       used 71696K, committed 72192K, reserved 1114112K
  class space    used 9807K, committed 10048K, reserved 1048576K
}
Event: 857.483 GC heap before
{Heap before GC invocations=164 (full 45):
 garbage-first heap   total 304128K, used 95798K [0x00000000c0000000, 0x0000000100000000)
  region size 1024K, 1 young (1024K), 0 survivors (0K)
 Metaspace       used 71696K, committed 72192K, reserved 1114112K
  class space    used 9807K, committed 10048K, reserved 1048576K
}
Event: 857.535 GC heap after
{Heap after GC invocations=165 (full 46):
 garbage-first heap   total 304128K, used 95798K [0x00000000c0000000, 0x0000000100000000)
  region size 1024K, 0 young (0K), 0 survivors (0K)
 Metaspace       used 71696K, committed 72192K, reserved 1114112K
  class space    used 9807K, committed 10048K, reserved 1048576K
}
Event: 867.678 GC heap before
{Heap before GC invocations=165 (full 46):
 garbage-first heap   total 304128K, used 95798K [0x00000000c0000000, 0x0000000100000000)
  region size 1024K, 1 young (1024K), 0 survivors (0K)
 Metaspace       used 71696K, committed 72192K, reserved 1114112K
  class space    used 9807K, committed 10048K, reserved 1048576K
}
Event: 867.729 GC heap after
{Heap after GC invocations=166 (full 47):
 garbage-first heap   total 304128K, used 95798K [0x00000000c0000000, 0x0000000100000000)
  region size 1024K, 0 young (0K), 0 survivors (0K)
 Metaspace       used 71696K, committed 72192K, reserved 1114112K
  class space    used 9807K, committed 10048K, reserved 1048576K
}
Event: 877.870 GC heap before
{Heap before GC invocations=166 (full 47):
 garbage-first heap   total 304128K, used 95798K [0x00000000c0000000, 0x0000000100000000)
  region size 1024K, 1 young (1024K), 0 survivors (0K)
 Metaspace       used 71696K, committed 72192K, reserved 1114112K
  class space    used 9807K, committed 10048K, reserved 1048576K
}
Event: 877.925 GC heap after
{Heap after GC invocations=167 (full 48):
 garbage-first heap   total 304128K, used 95798K [0x00000000c0000000, 0x0000000100000000)
  region size 1024K, 0 young (0K), 0 survivors (0K)
 Metaspace       used 71696K, committed 72192K, reserved 1114112K
  class space    used 9807K, committed 10048K, reserved 1048576K
}
Event: 888.073 GC heap before
{Heap before GC invocations=167 (full 48):
 garbage-first heap   total 304128K, used 95798K [0x00000000c0000000, 0x0000000100000000)
  region size 1024K, 1 young (1024K), 0 survivors (0K)
 Metaspace       used 71696K, committed 72192K, reserved 1114112K
  class space    used 9807K, committed 10048K, reserved 1048576K
}
Event: 888.129 GC heap after
{Heap after GC invocations=168 (full 49):
 garbage-first heap   total 304128K, used 95798K [0x00000000c0000000, 0x0000000100000000)
  region size 1024K, 0 young (0K), 0 survivors (0K)
 Metaspace       used 71696K, committed 72192K, reserved 1114112K
  class space    used 9807K, committed 10048K, reserved 1048576K
}

