# JRE version: OpenJDK Runtime Environment Temurin-17.0.7+7 (17.0.7+7) (build 17.0.7+7)
# Java VM: OpenJDK 64-Bit Server VM Temurin-17.0.7+7 (17.0.7+7, mixed mode, tiered, compressed oops, compressed class ptrs, parallel gc, windows-amd64)
GC Precious Log:
 CPUs: 8 total, 8 available
 Memory: 6091M
 Large Page Support: Disabled
 NUMA Support: Disabled
 Compressed Oops: Enabled (32-bit)
 Alignments: Space 512K, Generation 512K, Heap 2M
 Heap Min Capacity: 100M
 Heap Initial Capacity: 100M
 Heap Max Capacity: 1G
 Pre-touch: Disabled
 Parallel Workers: 8
Heap:
 PSYoungGen      total 13824K, used 8900K [0x00000000eab00000, 0x00000000ec180000, 0x0000000100000000)
  eden space 6656K, 26% used [0x00000000eab00000,0x00000000eacb8920,0x00000000eb180000)
  from space 7168K, 99% used [0x00000000eb380000,0x00000000eba78848,0x00000000eba80000)
  to   space 5632K, 0% used [0x00000000ebc00000,0x00000000ebc00000,0x00000000ec180000)
 ParOldGen       total 148992K, used 135491K [0x00000000c0000000, 0x00000000c9180000, 0x00000000eab00000)
  object space 148992K, 90% used [0x00000000c0000000,0x00000000c8450d10,0x00000000c9180000)
 Metaspace       used 71477K, committed 72640K, reserved 1114112K
  class space    used 8053K, committed 8576K, reserved 1048576K
GC Heap History (20 events):
Event: 21.957 GC heap before
{Heap before GC invocations=81 (full 5):
 PSYoungGen      total 5120K, used 4896K [0x00000000eab00000, 0x00000000eb900000, 0x0000000100000000)
  eden space 3072K, 100% used [0x00000000eab00000,0x00000000eae00000,0x00000000eae00000)
  from space 2048K, 89% used [0x00000000eb600000,0x00000000eb7c8000,0x00000000eb800000)
  to   space 1024K, 0% used [0x00000000eb800000,0x00000000eb800000,0x00000000eb900000)
 ParOldGen       total 114688K, used 106371K [0x00000000c0000000, 0x00000000c7000000, 0x00000000eab00000)
  object space 114688K, 92% used [0x00000000c0000000,0x00000000c67e0e98,0x00000000c7000000)
 Metaspace       used 71392K, committed 72512K, reserved 1114112K
  class space    used 8048K, committed 8512K, reserved 1048576K
}
Event: 21.960 GC heap after
{Heap after GC invocations=81 (full 5):
 PSYoungGen      total 5120K, used 1024K [0x00000000eab00000, 0x00000000eb900000, 0x0000000100000000)
  eden space 4096K, 0% used [0x00000000eab00000,0x00000000eab00000,0x00000000eaf00000)
  from space 1024K, 100% used [0x00000000eb800000,0x00000000eb900000,0x00000000eb900000)
  to   space 4608K, 0% used [0x00000000eb000000,0x00000000eb000000,0x00000000eb480000)
 ParOldGen       total 114688K, used 109259K [0x00000000c0000000, 0x00000000c7000000, 0x00000000eab00000)
  object space 114688K, 95% used [0x00000000c0000000,0x00000000c6ab2e98,0x00000000c7000000)
 Metaspace       used 71392K, committed 72512K, reserved 1114112K
  class space    used 8048K, committed 8512K, reserved 1048576K
}
Event: 21.974 GC heap before
{Heap before GC invocations=82 (full 5):
 PSYoungGen      total 5120K, used 5120K [0x00000000eab00000, 0x00000000eb900000, 0x0000000100000000)
  eden space 4096K, 100% used [0x00000000eab00000,0x00000000eaf00000,0x00000000eaf00000)
  from space 1024K, 100% used [0x00000000eb800000,0x00000000eb900000,0x00000000eb900000)
  to   space 4608K, 0% used [0x00000000eb000000,0x00000000eb000000,0x00000000eb480000)
 ParOldGen       total 114688K, used 109259K [0x00000000c0000000, 0x00000000c7000000, 0x00000000eab00000)
  object space 114688K, 95% used [0x00000000c0000000,0x00000000c6ab2e98,0x00000000c7000000)
 Metaspace       used 71392K, committed 72512K, reserved 1114112K
  class space    used 8048K, committed 8512K, reserved 1048576K
}
Event: 21.978 GC heap after
{Heap after GC invocations=82 (full 5):
 PSYoungGen      total 9728K, used 2976K [0x00000000eab00000, 0x00000000eb880000, 0x0000000100000000)
  eden space 5120K, 0% used [0x00000000eab00000,0x00000000eab00000,0x00000000eb000000)
  from space 4608K, 64% used [0x00000000eb000000,0x00000000eb2e8000,0x00000000eb480000)
  to   space 3584K, 0% used [0x00000000eb500000,0x00000000eb500000,0x00000000eb880000)
 ParOldGen       total 114688K, used 110315K [0x00000000c0000000, 0x00000000c7000000, 0x00000000eab00000)
  object space 114688K, 96% used [0x00000000c0000000,0x00000000c6bbae98,0x00000000c7000000)
 Metaspace       used 71392K, committed 72512K, reserved 1114112K
  class space    used 8048K, committed 8512K, reserved 1048576K
}
Event: 21.995 GC heap before
{Heap before GC invocations=83 (full 5):
 PSYoungGen      total 9728K, used 8096K [0x00000000eab00000, 0x00000000eb880000, 0x0000000100000000)
  eden space 5120K, 100% used [0x00000000eab00000,0x00000000eb000000,0x00000000eb000000)
  from space 4608K, 64% used [0x00000000eb000000,0x00000000eb2e8000,0x00000000eb480000)
  to   space 3584K, 0% used [0x00000000eb500000,0x00000000eb500000,0x00000000eb880000)
 ParOldGen       total 114688K, used 110315K [0x00000000c0000000, 0x00000000c7000000, 0x00000000eab00000)
  object space 114688K, 96% used [0x00000000c0000000,0x00000000c6bbae98,0x00000000c7000000)
 Metaspace       used 71392K, committed 72512K, reserved 1114112K
  class space    used 8048K, committed 8512K, reserved 1048576K
}
Event: 22.000 GC heap after
{Heap after GC invocations=83 (full 5):
 PSYoungGen      total 6656K, used 3584K [0x00000000eab00000, 0x00000000ebf00000, 0x0000000100000000)
  eden space 3072K, 0% used [0x00000000eab00000,0x00000000eab00000,0x00000000eae00000)
  from space 3584K, 100% used [0x00000000eb500000,0x00000000eb880000,0x00000000eb880000)
  to   space 7168K, 0% used [0x00000000eae00000,0x00000000eae00000,0x00000000eb500000)
 ParOldGen       total 114688K, used 113219K [0x00000000c0000000, 0x00000000c7000000, 0x00000000eab00000)
  object space 114688K, 98% used [0x00000000c0000000,0x00000000c6e90e98,0x00000000c7000000)
 Metaspace       used 71392K, committed 72512K, reserved 1114112K
  class space    used 8048K, committed 8512K, reserved 1048576K
}
Event: 22.000 GC heap before
{Heap before GC invocations=84 (full 6):
 PSYoungGen      total 6656K, used 3584K [0x00000000eab00000, 0x00000000ebf00000, 0x0000000100000000)
  eden space 3072K, 0% used [0x00000000eab00000,0x00000000eab00000,0x00000000eae00000)
  from space 3584K, 100% used [0x00000000eb500000,0x00000000eb880000,0x00000000eb880000)
  to   space 7168K, 0% used [0x00000000eae00000,0x00000000eae00000,0x00000000eb500000)
 ParOldGen       total 114688K, used 113219K [0x00000000c0000000, 0x00000000c7000000, 0x00000000eab00000)
  object space 114688K, 98% used [0x00000000c0000000,0x00000000c6e90e98,0x00000000c7000000)
 Metaspace       used 71392K, committed 72512K, reserved 1114112K
  class space    used 8048K, committed 8512K, reserved 1048576K
}
Event: 22.185 GC heap after
{Heap after GC invocations=84 (full 6):
 PSYoungGen      total 6656K, used 1490K [0x00000000eab00000, 0x00000000ebd00000, 0x0000000100000000)
  eden space 3072K, 0% used [0x00000000eab00000,0x00000000eab00000,0x00000000eae00000)
  from space 3584K, 41% used [0x00000000eb500000,0x00000000eb674a58,0x00000000eb880000)
  to   space 7168K, 0% used [0x00000000eae00000,0x00000000eae00000,0x00000000eb500000)
 ParOldGen       total 148992K, used 114618K [0x00000000c0000000, 0x00000000c9180000, 0x00000000eab00000)
  object space 148992K, 76% used [0x00000000c0000000,0x00000000c6fee910,0x00000000c9180000)
 Metaspace       used 71392K, committed 72512K, reserved 1114112K
  class space    used 8048K, committed 8512K, reserved 1048576K
}
Event: 22.202 GC heap before
{Heap before GC invocations=85 (full 6):
 PSYoungGen      total 6656K, used 4562K [0x00000000eab00000, 0x00000000ebd00000, 0x0000000100000000)
  eden space 3072K, 100% used [0x00000000eab00000,0x00000000eae00000,0x00000000eae00000)
  from space 3584K, 41% used [0x00000000eb500000,0x00000000eb674a58,0x00000000eb880000)
  to   space 7168K, 0% used [0x00000000eae00000,0x00000000eae00000,0x00000000eb500000)
 ParOldGen       total 148992K, used 114618K [0x00000000c0000000, 0x00000000c9180000, 0x00000000eab00000)
  object space 148992K, 76% used [0x00000000c0000000,0x00000000c6fee910,0x00000000c9180000)
 Metaspace       used 71392K, committed 72512K, reserved 1114112K
  class space    used 8048K, committed 8512K, reserved 1048576K
}
Event: 22.220 GC heap after
{Heap after GC invocations=85 (full 6):
 PSYoungGen      total 5632K, used 2112K [0x00000000eab00000, 0x00000000eb700000, 0x0000000100000000)
  eden space 3072K, 0% used [0x00000000eab00000,0x00000000eab00000,0x00000000eae00000)
  from space 2560K, 82% used [0x00000000eae00000,0x00000000eb010000,0x00000000eb080000)
  to   space 4096K, 0% used [0x00000000eb300000,0x00000000eb300000,0x00000000eb700000)
 ParOldGen       total 148992K, used 116146K [0x00000000c0000000, 0x00000000c9180000, 0x00000000eab00000)
  object space 148992K, 77% used [0x00000000c0000000,0x00000000c716c910,0x00000000c9180000)
 Metaspace       used 71392K, committed 72512K, reserved 1114112K
  class space    used 8048K, committed 8512K, reserved 1048576K
}
Event: 22.235 GC heap before
{Heap before GC invocations=86 (full 6):
 PSYoungGen      total 5632K, used 5184K [0x00000000eab00000, 0x00000000eb700000, 0x0000000100000000)
  eden space 3072K, 100% used [0x00000000eab00000,0x00000000eae00000,0x00000000eae00000)
  from space 2560K, 82% used [0x00000000eae00000,0x00000000eb010000,0x00000000eb080000)
  to   space 4096K, 0% used [0x00000000eb300000,0x00000000eb300000,0x00000000eb700000)
 ParOldGen       total 148992K, used 116146K [0x00000000c0000000, 0x00000000c9180000, 0x00000000eab00000)
  object space 148992K, 77% used [0x00000000c0000000,0x00000000c716c910,0x00000000c9180000)
 Metaspace       used 71392K, committed 72512K, reserved 1114112K
  class space    used 8048K, committed 8512K, reserved 1048576K
}
Event: 22.239 GC heap after
{Heap after GC invocations=86 (full 6):
 PSYoungGen      total 6656K, used 2240K [0x00000000eab00000, 0x00000000eb580000, 0x0000000100000000)
  eden space 4096K, 0% used [0x00000000eab00000,0x00000000eab00000,0x00000000eaf00000)
  from space 2560K, 87% used [0x00000000eb300000,0x00000000eb530000,0x00000000eb580000)
  to   space 2560K, 0% used [0x00000000eb080000,0x00000000eb080000,0x00000000eb300000)
 ParOldGen       total 148992K, used 118274K [0x00000000c0000000, 0x00000000c9180000, 0x00000000eab00000)
  object space 148992K, 79% used [0x00000000c0000000,0x00000000c7380910,0x00000000c9180000)
 Metaspace       used 71392K, committed 72512K, reserved 1114112K
  class space    used 8048K, committed 8512K, reserved 1048576K
}
Event: 22.254 GC heap before
{Heap before GC invocations=87 (full 6):
 PSYoungGen      total 6656K, used 6336K [0x00000000eab00000, 0x00000000eb580000, 0x0000000100000000)
  eden space 4096K, 100% used [0x00000000eab00000,0x00000000eaf00000,0x00000000eaf00000)
  from space 2560K, 87% used [0x00000000eb300000,0x00000000eb530000,0x00000000eb580000)
  to   space 2560K, 0% used [0x00000000eb080000,0x00000000eb080000,0x00000000eb300000)
 ParOldGen       total 148992K, used 118274K [0x00000000c0000000, 0x00000000c9180000, 0x00000000eab00000)
  object space 148992K, 79% used [0x00000000c0000000,0x00000000c7380910,0x00000000c9180000)
 Metaspace       used 71392K, committed 72512K, reserved 1114112K
  class space    used 8048K, committed 8512K, reserved 1048576K
}
Event: 22.260 GC heap after
{Heap after GC invocations=87 (full 6):
 PSYoungGen      total 7680K, used 2560K [0x00000000eab00000, 0x00000000ebb00000, 0x0000000100000000)
  eden space 5120K, 0% used [0x00000000eab00000,0x00000000eab00000,0x00000000eb000000)
  from space 2560K, 100% used [0x00000000eb080000,0x00000000eb300000,0x00000000eb300000)
  to   space 5632K, 0% used [0x00000000eb580000,0x00000000eb580000,0x00000000ebb00000)
 ParOldGen       total 148992K, used 120714K [0x00000000c0000000, 0x00000000c9180000, 0x00000000eab00000)
  object space 148992K, 81% used [0x00000000c0000000,0x00000000c75e2910,0x00000000c9180000)
 Metaspace       used 71392K, committed 72512K, reserved 1114112K
  class space    used 8048K, committed 8512K, reserved 1048576K
}
Event: 22.402 GC heap before
{Heap before GC invocations=88 (full 6):
 PSYoungGen      total 7680K, used 7679K [0x00000000eab00000, 0x00000000ebb00000, 0x0000000100000000)
  eden space 5120K, 99% used [0x00000000eab00000,0x00000000eaffffc8,0x00000000eb000000)
  from space 2560K, 100% used [0x00000000eb080000,0x00000000eb300000,0x00000000eb300000)
  to   space 5632K, 0% used [0x00000000eb580000,0x00000000eb580000,0x00000000ebb00000)
 ParOldGen       total 148992K, used 120714K [0x00000000c0000000, 0x00000000c9180000, 0x00000000eab00000)
  object space 148992K, 81% used [0x00000000c0000000,0x00000000c75e2910,0x00000000c9180000)
 Metaspace       used 71410K, committed 72512K, reserved 1114112K
  class space    used 8048K, committed 8512K, reserved 1048576K
}
Event: 22.408 GC heap after
{Heap after GC invocations=88 (full 6):
 PSYoungGen      total 11264K, used 4466K [0x00000000eab00000, 0x00000000ebb00000, 0x0000000100000000)
  eden space 5632K, 0% used [0x00000000eab00000,0x00000000eab00000,0x00000000eb080000)
  from space 5632K, 79% used [0x00000000eb580000,0x00000000eb9dc910,0x00000000ebb00000)
  to   space 5120K, 0% used [0x00000000eb080000,0x00000000eb080000,0x00000000eb580000)
 ParOldGen       total 148992K, used 123306K [0x00000000c0000000, 0x00000000c9180000, 0x00000000eab00000)
  object space 148992K, 82% used [0x00000000c0000000,0x00000000c786a910,0x00000000c9180000)
 Metaspace       used 71410K, committed 72512K, reserved 1114112K
  class space    used 8048K, committed 8512K, reserved 1048576K
}
Event: 22.467 GC heap before
{Heap before GC invocations=89 (full 6):
 PSYoungGen      total 11264K, used 10047K [0x00000000eab00000, 0x00000000ebb00000, 0x0000000100000000)
  eden space 5632K, 99% used [0x00000000eab00000,0x00000000eb073628,0x00000000eb080000)
  from space 5632K, 79% used [0x00000000eb580000,0x00000000eb9dc910,0x00000000ebb00000)
  to   space 5120K, 0% used [0x00000000eb080000,0x00000000eb080000,0x00000000eb580000)
 ParOldGen       total 148992K, used 123306K [0x00000000c0000000, 0x00000000c9180000, 0x00000000eab00000)
  object space 148992K, 82% used [0x00000000c0000000,0x00000000c786a910,0x00000000c9180000)
 Metaspace       used 71421K, committed 72512K, reserved 1114112K
  class space    used 8048K, committed 8512K, reserved 1048576K
}
Event: 22.472 GC heap after
{Heap after GC invocations=89 (full 6):
 PSYoungGen      total 10752K, used 5108K [0x00000000eab00000, 0x00000000ec680000, 0x0000000100000000)
  eden space 5632K, 0% used [0x00000000eab00000,0x00000000eab00000,0x00000000eb080000)
  from space 5120K, 99% used [0x00000000eb080000,0x00000000eb57d158,0x00000000eb580000)
  to   space 10752K, 0% used [0x00000000ebc00000,0x00000000ebc00000,0x00000000ec680000)
 ParOldGen       total 148992K, used 127719K [0x00000000c0000000, 0x00000000c9180000, 0x00000000eab00000)
  object space 148992K, 85% used [0x00000000c0000000,0x00000000c7cb9cd8,0x00000000c9180000)
 Metaspace       used 71421K, committed 72512K, reserved 1114112K
  class space    used 8048K, committed 8512K, reserved 1048576K
}
Event: 22.537 GC heap before
{Heap before GC invocations=90 (full 6):
 PSYoungGen      total 10752K, used 10740K [0x00000000eab00000, 0x00000000ec680000, 0x0000000100000000)
  eden space 5632K, 99% used [0x00000000eab00000,0x00000000eb07ffd8,0x00000000eb080000)
  from space 5120K, 99% used [0x00000000eb080000,0x00000000eb57d158,0x00000000eb580000)
  to   space 10752K, 0% used [0x00000000ebc00000,0x00000000ebc00000,0x00000000ec680000)
 ParOldGen       total 148992K, used 127719K [0x00000000c0000000, 0x00000000c9180000, 0x00000000eab00000)
  object space 148992K, 85% used [0x00000000c0000000,0x00000000c7cb9cd8,0x00000000c9180000)
 Metaspace       used 71422K, committed 72512K, reserved 1114112K
  class space    used 8048K, committed 8512K, reserved 1048576K
}
Event: 22.545 GC heap after
{Heap after GC invocations=90 (full 6):
 PSYoungGen      total 12288K, used 5261K [0x00000000eab00000, 0x00000000ec180000, 0x0000000100000000)
  eden space 6656K, 0% used [0x00000000eab00000,0x00000000eab00000,0x00000000eb180000)
  from space 5632K, 93% used [0x00000000ebc00000,0x00000000ec123648,0x00000000ec180000)
  to   space 7168K, 0% used [0x00000000eb380000,0x00000000eb380000,0x00000000eba80000)
 ParOldGen       total 148992K, used 132811K [0x00000000c0000000, 0x00000000c9180000, 0x00000000eab00000)
  object space 148992K, 89% used [0x00000000c0000000,0x00000000c81b2d10,0x00000000c9180000)
 Metaspace       used 71422K, committed 72512K, reserved 1114112K
  class space    used 8048K, committed 8512K, reserved 1048576K
}

