# JRE version: Java(TM) SE Runtime Environment (17.0.5+9) (build 17.0.5+9-LTS-191)
# Java VM: Java HotSpot(TM) 64-Bit Server VM (17.0.5+9-LTS-191, mixed mode, sharing, tiered, compressed oops, compressed class ptrs, g1 gc, windows-amd64)
GC Precious Log:
 CPUs: 8 total, 8 available
 Memory: 6091M
 Large Page Support: Disabled
 NUMA Support: Disabled
 Compressed Oops: Enabled (32-bit)
 Heap Region Size: 1M
 Heap Min Capacity: 64M
 Heap Initial Capacity: 64M
 Heap Max Capacity: 64M
 Pre-touch: Disabled
 Parallel Workers: 8
 Concurrent Workers: 2
 Concurrent Refinement Workers: 8
 Periodic GC: Disabled
Heap:
 garbage-first heap   total 65536K, used 16825K [0x00000000fc000000, 0x0000000100000000)
  region size 1024K, 9 young (9216K), 2 survivors (2048K)
 Metaspace       used 8458K, committed 8640K, reserved 1056768K
  class space    used 1135K, committed 1216K, reserved 1048576K
GC Heap History (6 events):
Event: 0.716 GC heap before
{Heap before GC invocations=0 (full 0):
 garbage-first heap   total 65536K, used 25600K [0x00000000fc000000, 0x0000000100000000)
  region size 1024K, 23 young (23552K), 0 survivors (0K)
 Metaspace       used 4110K, committed 4288K, reserved 1056768K
  class space    used 587K, committed 704K, reserved 1048576K
}
Event: 0.720 GC heap after
{Heap after GC invocations=1 (full 0):
 garbage-first heap   total 65536K, used 9280K [0x00000000fc000000, 0x0000000100000000)
  region size 1024K, 3 young (3072K), 3 survivors (3072K)
 Metaspace       used 4110K, committed 4288K, reserved 1056768K
  class space    used 587K, committed 704K, reserved 1048576K
}
Event: 1000.165 GC heap before
{Heap before GC invocations=1 (full 0):
 garbage-first heap   total 65536K, used 32832K [0x00000000fc000000, 0x0000000100000000)
  region size 1024K, 26 young (26624K), 3 survivors (3072K)
 Metaspace       used 8451K, committed 8640K, reserved 1056768K
  class space    used 1135K, committed 1216K, reserved 1048576K
}
Event: 1000.216 GC heap after
{Heap after GC invocations=2 (full 0):
 garbage-first heap   total 65536K, used 10641K [0x00000000fc000000, 0x0000000100000000)
  region size 1024K, 2 young (2048K), 2 survivors (2048K)
 Metaspace       used 8451K, committed 8640K, reserved 1056768K
  class space    used 1135K, committed 1216K, reserved 1048576K
}
Event: 3088.169 GC heap before
{Heap before GC invocations=2 (full 0):
 garbage-first heap   total 65536K, used 35217K [0x00000000fc000000, 0x0000000100000000)
  region size 1024K, 26 young (26624K), 2 survivors (2048K)
 Metaspace       used 8457K, committed 8640K, reserved 1056768K
  class space    used 1135K, committed 1216K, reserved 1048576K
}
Event: 3088.208 GC heap after
{Heap after GC invocations=3 (full 0):
 garbage-first heap   total 65536K, used 10681K [0x00000000fc000000, 0x0000000100000000)
  region size 1024K, 2 young (2048K), 2 survivors (2048K)
 Metaspace       used 8457K, committed 8640K, reserved 1056768K
  class space    used 1135K, committed 1216K, reserved 1048576K
}

